[38;5;112m[Appium][0m Welcome to Appium v2.14.0
[38;5;112m[Appium][0m Non-default server args:
[38;5;112m[Appium][0m { basePath: [32m'/wd/hub'[39m, loglevel: [32m'info'[39m, port: [33m59298[39m }
[38;5;112m[Appium][0m Attempting to load driver uiautomator2...
[38;5;112m[Appium][0m Appium REST http interface listener started on http://0.0.0.0:59298/wd/hub
[38;5;112m[Appium][0m You can provide the following URLs in your client code to connect to this server:
	http://192.168.1.17:59298/wd/hub
	http://127.0.0.1:59298/wd/hub (only accessible from the same host)
[38;5;112m[Appium][0m Available drivers:
[38;5;112m[Appium][0m   - uiautomator2@3.9.7 (automationName 'UiAutomator2')
[38;5;112m[Appium][0m No plugins have been installed. Use the "appium plugin" command to install the one(s) you want to use.
[38;5;86m[HTTP][0m [37m-->[39m [37mGET[39m [37m/wd/hub/status[39m [90m{}[39m
[38;5;86m[HTTP][0m [37m<-- GET /wd/hub/status [39m[32m200[39m [90m7 ms - 111[39m [90m[39m
[38;5;86m[HTTP][0m [37m-->[39m [37mGET[39m [37m/wd/hub/status[39m [90m{}[39m
[38;5;86m[HTTP][0m [37m<-- GET /wd/hub/status [39m[32m200[39m [90m2 ms - 111[39m [90m[39m
[38;5;86m[HTTP][0m [37m-->[39m [37mPOST[39m [37m/wd/hub/session[39m [90m{"capabilities":{"firstMatch":[{"appium:appActivity":".Settings","appium:appPackage":"com.android.settings","appium:autoGrantPermissions":true,"appium:automationName":"uiautomator2","appium:deviceId":"","appium:deviceName":"emulator-5554 (sdk_gphone64_x86_64 - Android 15)","appium:newCommandTimeout":1800,"appium:platformName":"ANDROID","appium:platformVersion":"15","appium:systemPort":8284,"appium:udid":"emulator-5554","appium:uiautomator2ServerInstallTimeout":60000,"platformName":"ANDROID"}]},"desiredCapabilities":{"appium:appActivity":".Settings","appium:appPackage":"com.android.settings","appium:autoGrantPermissions":true,"appium:automationName":"uiautomator2","appium:deviceId":"","appium:deviceName":"emulator-5554 (sdk_gphone64_x86_64 - Android 15)","appium:newCommandTimeout":1800,"appium:platformName":"ANDROID","appium:platformVersion":"15","appium:systemPort":8284,"appium:udid":"emulator-5554","appium:uiautomator2ServerInstallTimeout":60000}}[39m
[38;5;123m[BaseDriver][0m Ignoring capability 'appium:platformName=ANDROID' and using capability 'platformName=ANDROID'
[38;5;123m[BaseDriver][0m The capabilities ["platformName"] are standard capabilities and do not require "appium:" prefix
[38;5;112m[Appium][0m Attempting to find matching driver for automationName 'uiautomator2' and platformName 'ANDROID'
[38;5;112m[Appium][0m The 'uiautomator2' driver was installed and matched caps.
[38;5;112m[Appium][0m Will require it at C:\Users\hp\.appium\node_modules\appium-uiautomator2-driver
[38;5;23m[AppiumDriver@3d42][0m Appium v2.14.0 creating new AndroidUiautomator2Driver (v3.9.7) session
[38;5;23m[AppiumDriver@3d42][0m Checking BaseDriver versions for Appium and AndroidUiautomator2Driver
[38;5;23m[AppiumDriver@3d42][0m Appium's BaseDriver version is 9.14.0
[38;5;23m[AppiumDriver@3d42][0m AndroidUiautomator2Driver's BaseDriver version is 9.14.0
[38;5;-3m[AndroidUiautomator2Driver@1892][0m The following provided capabilities were not recognized by this driver:
[38;5;-3m[AndroidUiautomator2Driver@1892][0m   deviceId
[38;5;42m[8e2f3466][0m[38;5;-3m[AndroidUiautomator2Driver@1892][0m Session created with session id: 8e2f3466-723c-44df-9803-71b2c391d80e
[38;5;42m[8e2f3466][0m[38;5;229m[ADB][0m Found 1 'build-tools' folders under 'C:\Users\hp\.katalon\tools\android_sdk' (newest first):
[38;5;42m[8e2f3466][0m[38;5;229m[ADB][0m     C:\Users\hp\.katalon\tools\android_sdk\build-tools\29.0.3
[38;5;42m[8e2f3466][0m[38;5;229m[ADB][0m Using 'adb.exe' from 'C:\Users\hp\.katalon\tools\android_sdk\platform-tools\adb.exe'
[38;5;42m[8e2f3466][0m[38;5;-3m[AndroidUiautomator2Driver@1892][0m Retrieving device list
[38;5;42m[8e2f3466][0m[38;5;-3m[AndroidUiautomator2Driver@1892][0m Using device: emulator-5554
[38;5;42m[8e2f3466][0m[38;5;229m[ADB][0m Using 'adb.exe' from 'C:\Users\hp\.katalon\tools\android_sdk\platform-tools\adb.exe'
[38;5;42m[8e2f3466][0m[38;5;-3m[AndroidUiautomator2Driver@1892][0m Starting 'com.android.settings' directly on the device
[38;5;42m[8e2f3466][0m[38;5;229m[ADB][0m Getting device platform version
[38;5;42m[8e2f3466][0m[38;5;-3m[AndroidUiautomator2Driver@1892][0m Relaxing hidden api policy
[38;5;42m[8e2f3466][0m[38;5;229m[ADB][0m Using 'aapt2.exe' from 'C:\Users\hp\.katalon\tools\android_sdk\build-tools\29.0.3\aapt2.exe'
[38;5;42m[8e2f3466][0m[38;5;-3m[AndroidUiautomator2Driver@1892][0m Server packages are not going to be (re)installed
[38;5;42m[8e2f3466][0m[38;5;229m[ADB][0m Adding packages ["io.appium.settings","io.appium.uiautomator2.server","io.appium.uiautomator2.server.test"] to Doze whitelist
[38;5;42m[8e2f3466][0m[38;5;-3m[AndroidUiautomator2Driver@1892][0m Starting UIAutomator2 server 7.1.9
[38;5;42m[8e2f3466][0m[38;5;-3m[AndroidUiautomator2Driver@1892][0m Using UIAutomator2 server from 'C:\Users\hp\.appium\node_modules\appium-uiautomator2-driver\node_modules\appium-uiautomator2-server\apks\appium-uiautomator2-server-v7.1.9.apk' and test from 'C:\Users\hp\.appium\node_modules\appium-uiautomator2-driver\node_modules\appium-uiautomator2-server\apks\appium-uiautomator2-server-debug-androidTest.apk'
[38;5;42m[8e2f3466][0m[38;5;-3m[AndroidUiautomator2Driver@1892][0m Waiting up to 30000ms for UiAutomator2 to be online...
[38;5;42m[8e2f3466][0m[38;5;-3m[AndroidUiautomator2Driver@1892][0m socket hang up
[38;5;42m[8e2f3466][0m[38;5;-3m[AndroidUiautomator2Driver@1892][0m socket hang up
[38;5;42m[8e2f3466][0m[38;5;-3m[AndroidUiautomator2Driver@1892][0m socket hang up
[38;5;42m[8e2f3466][0m[38;5;-3m[AndroidUiautomator2Driver@1892][0m socket hang up
[38;5;42m[8e2f3466][0m[38;5;-3m[AndroidUiautomator2Driver@1892][0m Determined the downstream protocol as 'W3C'
[38;5;42m[8e2f3466][0m[38;5;-3m[AndroidUiautomator2Driver@1892][0m Screen already unlocked, doing nothing
[38;5;42m[8e2f3466][0m[38;5;-3m[AndroidUiautomator2Driver@1892][0m Starting 'com.android.settings/.Settings and waiting for 'com.android.settings/.Settings'
[38;5;42m[8e2f3466][0m[38;5;23m[AppiumDriver@3d42][0m New AndroidUiautomator2Driver session created successfully, session 8e2f3466-723c-44df-9803-71b2c391d80e added to master session list
[38;5;42m[8e2f3466][0m[38;5;86m[HTTP][0m [37m<-- POST /wd/hub/session [39m[32m200[39m [90m8626 ms - 1236[39m [90m[39m
[38;5;86m[HTTP][0m [37m-->[39m [37mGET[39m [37m/wd/hub/status[39m [90m{}[39m
[38;5;86m[HTTP][0m [37m<-- GET /wd/hub/status [39m[32m200[39m [90m1 ms - 111[39m [90m[39m
[38;5;42m[8e2f3466][0m[38;5;86m[HTTP][0m [37m-->[39m [37mPOST[39m [37m/wd/hub/session/8e2f3466-723c-44df-9803-71b2c391d80e/timeouts[39m [90m{"implicit":60000}[39m
[38;5;42m[8e2f3466][0m[38;5;86m[HTTP][0m [37m<-- POST /wd/hub/session/8e2f3466-723c-44df-9803-71b2c391d80e/timeouts [39m[32m200[39m [90m5 ms - 14[39m [90m[39m
[38;5;42m[8e2f3466][0m[38;5;86m[HTTP][0m [37m-->[39m [37mPOST[39m [37m/wd/hub/session/8e2f3466-723c-44df-9803-71b2c391d80e/execute/sync[39m [90m{"script":"mobile: getSystemBars","args":[]}[39m
[38;5;42m[8e2f3466][0m[38;5;-3m[AndroidUiautomator2Driver@1892][0m Executing native command 'mobile: getSystemBars'
[38;5;42m[8e2f3466][0m[38;5;-3m[AndroidUiautomator2Driver@1892][0m No windows have been found whose title matches to 'NavigationBar'. Assuming it is invisible. Only the following windows are available: ScreenDecorOverlayBottom,ScreenDecorOverlay,EdgeBackGestureHandler0,Taskbar,NotificationShade,StatusBar,ShellDropTarget
[38;5;42m[8e2f3466][0m[38;5;86m[HTTP][0m [37m<-- POST /wd/hub/session/8e2f3466-723c-44df-9803-71b2c391d80e/execute/sync [39m[32m200[39m [90m219 ms - 145[39m [90m[39m
[38;5;42m[8e2f3466][0m[38;5;86m[HTTP][0m [37m-->[39m [37mPOST[39m [37m/wd/hub/session/8e2f3466-723c-44df-9803-71b2c391d80e/execute/sync[39m [90m{"script":"mobile: activateApp","args":[{"appId":"com.qexpense.android.todo","bundleId":"com.qexpense.android.todo"}]}[39m
[38;5;42m[8e2f3466][0m[38;5;-3m[AndroidUiautomator2Driver@1892][0m Executing native command 'mobile: activateApp'
[38;5;42m[8e2f3466][0m[38;5;86m[HTTP][0m [37m<-- POST /wd/hub/session/8e2f3466-723c-44df-9803-71b2c391d80e/execute/sync [39m[32m200[39m [90m247 ms - 14[39m [90m[39m
[38;5;42m[8e2f3466][0m[38;5;86m[HTTP][0m [37m-->[39m [37mGET[39m [37m/wd/hub/session/8e2f3466-723c-44df-9803-71b2c391d80e/source[39m [90m{}[39m
[38;5;42m[8e2f3466][0m[38;5;-3m[AndroidUiautomator2Driver@1892][0m Driver proxy active, passing request on via HTTP proxy
[38;5;42m[8e2f3466][0m[38;5;-3m[AndroidUiautomator2Driver@1892][0m Replacing sessionId 134c1633-cef1-46a5-8f1f-07288c417a0a with 8e2f3466-723c-44df-9803-71b2c391d80e
[38;5;42m[8e2f3466][0m[38;5;86m[HTTP][0m [37m<-- GET /wd/hub/session/8e2f3466-723c-44df-9803-71b2c391d80e/source [39m[32m200[39m [90m3057 ms - 14482[39m [90m[39m
[38;5;42m[8e2f3466][0m[38;5;86m[HTTP][0m [37m-->[39m [37mGET[39m [37m/wd/hub/session/8e2f3466-723c-44df-9803-71b2c391d80e/screenshot[39m [90m{}[39m
[38;5;42m[8e2f3466][0m[38;5;86m[HTTP][0m [37m<-- GET /wd/hub/session/8e2f3466-723c-44df-9803-71b2c391d80e/screenshot [39m[32m200[39m [90m587 ms - 71624[39m [90m[39m
[38;5;42m[8e2f3466][0m[38;5;86m[HTTP][0m [37m-->[39m [37mGET[39m [37m/wd/hub/session/8e2f3466-723c-44df-9803-71b2c391d80e/source[39m [90m{}[39m
[38;5;42m[8e2f3466][0m[38;5;-3m[AndroidUiautomator2Driver@1892][0m Driver proxy active, passing request on via HTTP proxy
[38;5;42m[8e2f3466][0m[38;5;-3m[AndroidUiautomator2Driver@1892][0m Replacing sessionId 134c1633-cef1-46a5-8f1f-07288c417a0a with 8e2f3466-723c-44df-9803-71b2c391d80e
[38;5;42m[8e2f3466][0m[38;5;86m[HTTP][0m [37m<-- GET /wd/hub/session/8e2f3466-723c-44df-9803-71b2c391d80e/source [39m[32m200[39m [90m124 ms - 18137[39m [90m[39m
[38;5;42m[8e2f3466][0m[38;5;86m[HTTP][0m [37m-->[39m [37mGET[39m [37m/wd/hub/session/8e2f3466-723c-44df-9803-71b2c391d80e/screenshot[39m [90m{}[39m
[38;5;42m[8e2f3466][0m[38;5;86m[HTTP][0m [37m<-- GET /wd/hub/session/8e2f3466-723c-44df-9803-71b2c391d80e/screenshot [39m[32m200[39m [90m788 ms - 353020[39m [90m[39m
[38;5;42m[8e2f3466][0m[38;5;86m[HTTP][0m [37m-->[39m [37mGET[39m [37m/wd/hub/session/8e2f3466-723c-44df-9803-71b2c391d80e/source[39m [90m{}[39m
[38;5;42m[8e2f3466][0m[38;5;-3m[AndroidUiautomator2Driver@1892][0m Driver proxy active, passing request on via HTTP proxy
[38;5;42m[8e2f3466][0m[38;5;-3m[AndroidUiautomator2Driver@1892][0m Replacing sessionId 134c1633-cef1-46a5-8f1f-07288c417a0a with 8e2f3466-723c-44df-9803-71b2c391d80e
[38;5;42m[8e2f3466][0m[38;5;86m[HTTP][0m [37m<-- GET /wd/hub/session/8e2f3466-723c-44df-9803-71b2c391d80e/source [39m[32m200[39m [90m118 ms - 29834[39m [90m[39m
[38;5;42m[8e2f3466][0m[38;5;86m[HTTP][0m [37m-->[39m [37mGET[39m [37m/wd/hub/session/8e2f3466-723c-44df-9803-71b2c391d80e/screenshot[39m [90m{}[39m
[38;5;42m[8e2f3466][0m[38;5;86m[HTTP][0m [37m<-- GET /wd/hub/session/8e2f3466-723c-44df-9803-71b2c391d80e/screenshot [39m[32m200[39m [90m415 ms - 353020[39m [90m[39m
[38;5;42m[8e2f3466][0m[38;5;86m[HTTP][0m [37m-->[39m [37mGET[39m [37m/wd/hub/session/8e2f3466-723c-44df-9803-71b2c391d80e/window/rect[39m [90m{}[39m
[38;5;42m[8e2f3466][0m[38;5;86m[HTTP][0m [37m<-- GET /wd/hub/session/8e2f3466-723c-44df-9803-71b2c391d80e/window/rect [39m[32m200[39m [90m12 ms - 50[39m [90m[39m
[38;5;42m[8e2f3466][0m[38;5;86m[HTTP][0m [37m-->[39m [37mPOST[39m [37m/wd/hub/session/8e2f3466-723c-44df-9803-71b2c391d80e/elements[39m [90m{"using":"xpath","value":"//*[@class = 'android.widget.EditText' and (@text = 'Title' or . = 'Title') and @resource-id = 'com.qexpense.android.todo:id/task_title']"}[39m
[38;5;42m[8e2f3466][0m[38;5;86m[HTTP][0m [37m<-- POST /wd/hub/session/8e2f3466-723c-44df-9803-71b2c391d80e/elements [39m[32m200[39m [90m60090 ms - 12[39m [90m[39m
[38;5;42m[8e2f3466][0m[38;5;86m[HTTP][0m [37m-->[39m [37mGET[39m [37m/wd/hub/session/8e2f3466-723c-44df-9803-71b2c391d80e/source[39m [90m{}[39m
[38;5;42m[8e2f3466][0m[38;5;-3m[AndroidUiautomator2Driver@1892][0m Driver proxy active, passing request on via HTTP proxy
[38;5;42m[8e2f3466][0m[38;5;-3m[AndroidUiautomator2Driver@1892][0m Replacing sessionId 134c1633-cef1-46a5-8f1f-07288c417a0a with 8e2f3466-723c-44df-9803-71b2c391d80e
[38;5;42m[8e2f3466][0m[38;5;86m[HTTP][0m [37m<-- GET /wd/hub/session/8e2f3466-723c-44df-9803-71b2c391d80e/source [39m[32m200[39m [90m87 ms - 28283[39m [90m[39m
[38;5;42m[8e2f3466][0m[38;5;86m[HTTP][0m [37m-->[39m [37mGET[39m [37m/wd/hub/session/8e2f3466-723c-44df-9803-71b2c391d80e/screenshot[39m [90m{}[39m
[38;5;42m[8e2f3466][0m[38;5;86m[HTTP][0m [37m<-- GET /wd/hub/session/8e2f3466-723c-44df-9803-71b2c391d80e/screenshot [39m[32m200[39m [90m829 ms - 219840[39m [90m[39m
[38;5;42m[8e2f3466][0m[38;5;86m[HTTP][0m [37m-->[39m [37mGET[39m [37m/wd/hub/session/8e2f3466-723c-44df-9803-71b2c391d80e/context[39m [90m{}[39m
[38;5;42m[8e2f3466][0m[38;5;86m[HTTP][0m [37m<-- GET /wd/hub/session/8e2f3466-723c-44df-9803-71b2c391d80e/context [39m[32m200[39m [90m1 ms - 22[39m [90m[39m
[38;5;42m[8e2f3466][0m[38;5;86m[HTTP][0m [37m-->[39m [37mGET[39m [37m/wd/hub/session/8e2f3466-723c-44df-9803-71b2c391d80e/contexts[39m [90m{}[39m
[38;5;42m[8e2f3466][0m[38;5;86m[HTTP][0m [37m<-- GET /wd/hub/session/8e2f3466-723c-44df-9803-71b2c391d80e/contexts [39m[32m200[39m [90m269 ms - 24[39m [90m[39m
[38;5;42m[8e2f3466][0m[38;5;86m[HTTP][0m [37m-->[39m [37mPOST[39m [37m/wd/hub/session/8e2f3466-723c-44df-9803-71b2c391d80e/context[39m [90m{"name":"NATIVE_APP"}[39m
[38;5;42m[8e2f3466][0m[38;5;86m[HTTP][0m [37m<-- POST /wd/hub/session/8e2f3466-723c-44df-9803-71b2c391d80e/context [39m[32m200[39m [90m2 ms - 14[39m [90m[39m
[38;5;42m[8e2f3466][0m[38;5;86m[HTTP][0m [37m-->[39m [37mPOST[39m [37m/wd/hub/session/8e2f3466-723c-44df-9803-71b2c391d80e/execute/sync[39m [90m{"script":"mobile: hideKeyboard","args":[]}[39m
[38;5;42m[8e2f3466][0m[38;5;-3m[AndroidUiautomator2Driver@1892][0m Executing native command 'mobile: hideKeyboard'
[38;5;42m[8e2f3466][0m[38;5;86m[HTTP][0m [37m<-- POST /wd/hub/session/8e2f3466-723c-44df-9803-71b2c391d80e/execute/sync [39m[32m200[39m [90m1177 ms - 14[39m [90m[39m
[38;5;42m[8e2f3466][0m[38;5;86m[HTTP][0m [37m-->[39m [37mPOST[39m [37m/wd/hub/session/8e2f3466-723c-44df-9803-71b2c391d80e/context[39m [90m{"name":"NATIVE_APP"}[39m
[38;5;42m[8e2f3466][0m[38;5;86m[HTTP][0m [37m<-- POST /wd/hub/session/8e2f3466-723c-44df-9803-71b2c391d80e/context [39m[32m200[39m [90m1 ms - 14[39m [90m[39m
[38;5;42m[8e2f3466][0m[38;5;86m[HTTP][0m [37m-->[39m [37mGET[39m [37m/wd/hub/session/8e2f3466-723c-44df-9803-71b2c391d80e/source[39m [90m{}[39m
[38;5;42m[8e2f3466][0m[38;5;-3m[AndroidUiautomator2Driver@1892][0m Driver proxy active, passing request on via HTTP proxy
[38;5;42m[8e2f3466][0m[38;5;-3m[AndroidUiautomator2Driver@1892][0m Replacing sessionId 134c1633-cef1-46a5-8f1f-07288c417a0a with 8e2f3466-723c-44df-9803-71b2c391d80e
[38;5;42m[8e2f3466][0m[38;5;86m[HTTP][0m [37m<-- GET /wd/hub/session/8e2f3466-723c-44df-9803-71b2c391d80e/source [39m[32m200[39m [90m76 ms - 29883[39m [90m[39m
[38;5;42m[8e2f3466][0m[38;5;86m[HTTP][0m [37m-->[39m [37mGET[39m [37m/wd/hub/session/8e2f3466-723c-44df-9803-71b2c391d80e/screenshot[39m [90m{}[39m
[38;5;42m[8e2f3466][0m[38;5;86m[HTTP][0m [37m<-- GET /wd/hub/session/8e2f3466-723c-44df-9803-71b2c391d80e/screenshot [39m[32m200[39m [90m376 ms - 140392[39m [90m[39m
[38;5;42m[8e2f3466][0m[38;5;86m[HTTP][0m [37m-->[39m [37mGET[39m [37m/wd/hub/session/8e2f3466-723c-44df-9803-71b2c391d80e/source[39m [90m{}[39m
[38;5;42m[8e2f3466][0m[38;5;-3m[AndroidUiautomator2Driver@1892][0m Driver proxy active, passing request on via HTTP proxy
[38;5;42m[8e2f3466][0m[38;5;-3m[AndroidUiautomator2Driver@1892][0m Replacing sessionId 134c1633-cef1-46a5-8f1f-07288c417a0a with 8e2f3466-723c-44df-9803-71b2c391d80e
[38;5;42m[8e2f3466][0m[38;5;86m[HTTP][0m [37m<-- GET /wd/hub/session/8e2f3466-723c-44df-9803-71b2c391d80e/source [39m[32m200[39m [90m117 ms - 28698[39m [90m[39m
[38;5;42m[8e2f3466][0m[38;5;86m[HTTP][0m [37m-->[39m [37mGET[39m [37m/wd/hub/session/8e2f3466-723c-44df-9803-71b2c391d80e/screenshot[39m [90m{}[39m
[38;5;42m[8e2f3466][0m[38;5;86m[HTTP][0m [37m<-- GET /wd/hub/session/8e2f3466-723c-44df-9803-71b2c391d80e/screenshot [39m[32m200[39m [90m440 ms - 126640[39m [90m[39m
[38;5;42m[8e2f3466][0m[38;5;86m[HTTP][0m [37m-->[39m [37mGET[39m [37m/wd/hub/session/8e2f3466-723c-44df-9803-71b2c391d80e/window/rect[39m [90m{}[39m
[38;5;42m[8e2f3466][0m[38;5;86m[HTTP][0m [37m<-- GET /wd/hub/session/8e2f3466-723c-44df-9803-71b2c391d80e/window/rect [39m[32m200[39m [90m32 ms - 50[39m [90m[39m
[38;5;42m[8e2f3466][0m[38;5;86m[HTTP][0m [37m-->[39m [37mPOST[39m [37m/wd/hub/session/8e2f3466-723c-44df-9803-71b2c391d80e/elements[39m [90m{"using":"xpath","value":"//*[@class = 'android.widget.LinearLayout' and @resource-id = 'com.qexpense.android.todo:id/list_item' and (@text = '' or . = '')]"}[39m
[38;5;42m[8e2f3466][0m[38;5;86m[HTTP][0m [37m<-- POST /wd/hub/session/8e2f3466-723c-44df-9803-71b2c391d80e/elements [39m[32m200[39m [90m194 ms - 139[39m [90m[39m
[38;5;42m[8e2f3466][0m[38;5;86m[HTTP][0m [37m-->[39m [37mGET[39m [37m/wd/hub/session/8e2f3466-723c-44df-9803-71b2c391d80e/element/00000000-0000-000c-ffff-ffff0000000d/rect[39m [90m{}[39m
[38;5;42m[8e2f3466][0m[38;5;-3m[AndroidUiautomator2Driver@1892][0m Driver proxy active, passing request on via HTTP proxy
[38;5;42m[8e2f3466][0m[38;5;-3m[AndroidUiautomator2Driver@1892][0m Replacing sessionId 134c1633-cef1-46a5-8f1f-07288c417a0a with 8e2f3466-723c-44df-9803-71b2c391d80e
[38;5;42m[8e2f3466][0m[38;5;86m[HTTP][0m [37m<-- GET /wd/hub/session/8e2f3466-723c-44df-9803-71b2c391d80e/element/00000000-0000-000c-ffff-ffff0000000d/rect [39m[32m200[39m [90m358 ms - 103[39m [90m[39m
[38;5;42m[8e2f3466][0m[38;5;86m[HTTP][0m [37m-->[39m [37mPOST[39m [37m/wd/hub/session/8e2f3466-723c-44df-9803-71b2c391d80e/element/00000000-0000-000c-ffff-ffff0000000d/click[39m [90m{"id":"00000000-0000-000c-ffff-ffff0000000d"}[39m
[38;5;42m[8e2f3466][0m[38;5;86m[HTTP][0m [37m<-- POST /wd/hub/session/8e2f3466-723c-44df-9803-71b2c391d80e/element/00000000-0000-000c-ffff-ffff0000000d/click [39m[32m200[39m [90m119 ms - 14[39m [90m[39m
[38;5;42m[8e2f3466][0m[38;5;86m[HTTP][0m [37m-->[39m [37mGET[39m [37m/wd/hub/session/8e2f3466-723c-44df-9803-71b2c391d80e/source[39m [90m{}[39m
[38;5;42m[8e2f3466][0m[38;5;-3m[AndroidUiautomator2Driver@1892][0m Driver proxy active, passing request on via HTTP proxy
[38;5;42m[8e2f3466][0m[38;5;-3m[AndroidUiautomator2Driver@1892][0m Replacing sessionId 134c1633-cef1-46a5-8f1f-07288c417a0a with 8e2f3466-723c-44df-9803-71b2c391d80e
[38;5;42m[8e2f3466][0m[38;5;86m[HTTP][0m [37m<-- GET /wd/hub/session/8e2f3466-723c-44df-9803-71b2c391d80e/source [39m[32m200[39m [90m119 ms - 28698[39m [90m[39m
[38;5;42m[8e2f3466][0m[38;5;86m[HTTP][0m [37m-->[39m [37mGET[39m [37m/wd/hub/session/8e2f3466-723c-44df-9803-71b2c391d80e/screenshot[39m [90m{}[39m
[38;5;42m[8e2f3466][0m[38;5;86m[HTTP][0m [37m<-- GET /wd/hub/session/8e2f3466-723c-44df-9803-71b2c391d80e/screenshot [39m[32m200[39m [90m734 ms - 126636[39m [90m[39m
[38;5;42m[8e2f3466][0m[38;5;86m[HTTP][0m [37m-->[39m [37mGET[39m [37m/wd/hub/session/8e2f3466-723c-44df-9803-71b2c391d80e/window/rect[39m [90m{}[39m
[38;5;42m[8e2f3466][0m[38;5;86m[HTTP][0m [37m<-- GET /wd/hub/session/8e2f3466-723c-44df-9803-71b2c391d80e/window/rect [39m[32m200[39m [90m12 ms - 50[39m [90m[39m
[38;5;42m[8e2f3466][0m[38;5;86m[HTTP][0m [37m-->[39m [37mPOST[39m [37m/wd/hub/session/8e2f3466-723c-44df-9803-71b2c391d80e/elements[39m [90m{"using":"xpath","value":"//*[@class = 'android.widget.ImageButton' and @resource-id = 'com.qexpense.android.todo:id/fab' and (@text = '' or . = '')]"}[39m
[38;5;42m[8e2f3466][0m[38;5;86m[HTTP][0m [37m<-- POST /wd/hub/session/8e2f3466-723c-44df-9803-71b2c391d80e/elements [39m[32m200[39m [90m91 ms - 139[39m [90m[39m
[38;5;42m[8e2f3466][0m[38;5;86m[HTTP][0m [37m-->[39m [37mGET[39m [37m/wd/hub/session/8e2f3466-723c-44df-9803-71b2c391d80e/element/00000000-0000-000c-ffff-ffff00000022/rect[39m [90m{}[39m
[38;5;42m[8e2f3466][0m[38;5;-3m[AndroidUiautomator2Driver@1892][0m Driver proxy active, passing request on via HTTP proxy
[38;5;42m[8e2f3466][0m[38;5;-3m[AndroidUiautomator2Driver@1892][0m Replacing sessionId 134c1633-cef1-46a5-8f1f-07288c417a0a with 8e2f3466-723c-44df-9803-71b2c391d80e
[38;5;42m[8e2f3466][0m[38;5;86m[HTTP][0m [37m<-- GET /wd/hub/session/8e2f3466-723c-44df-9803-71b2c391d80e/element/00000000-0000-000c-ffff-ffff00000022/rect [39m[32m200[39m [90m35 ms - 104[39m [90m[39m
[38;5;42m[8e2f3466][0m[38;5;86m[HTTP][0m [37m-->[39m [37mPOST[39m [37m/wd/hub/session/8e2f3466-723c-44df-9803-71b2c391d80e/element/00000000-0000-000c-ffff-ffff00000022/click[39m [90m{"id":"00000000-0000-000c-ffff-ffff00000022"}[39m
[38;5;42m[8e2f3466][0m[38;5;86m[HTTP][0m [37m<-- POST /wd/hub/session/8e2f3466-723c-44df-9803-71b2c391d80e/element/00000000-0000-000c-ffff-ffff00000022/click [39m[32m200[39m [90m93 ms - 14[39m [90m[39m
[38;5;42m[8e2f3466][0m[38;5;86m[HTTP][0m [37m-->[39m [37mGET[39m [37m/wd/hub/session/8e2f3466-723c-44df-9803-71b2c391d80e/source[39m [90m{}[39m
[38;5;42m[8e2f3466][0m[38;5;-3m[AndroidUiautomator2Driver@1892][0m Driver proxy active, passing request on via HTTP proxy
[38;5;42m[8e2f3466][0m[38;5;-3m[AndroidUiautomator2Driver@1892][0m Replacing sessionId 134c1633-cef1-46a5-8f1f-07288c417a0a with 8e2f3466-723c-44df-9803-71b2c391d80e
[38;5;42m[8e2f3466][0m[38;5;86m[HTTP][0m [37m<-- GET /wd/hub/session/8e2f3466-723c-44df-9803-71b2c391d80e/source [39m[32m200[39m [90m256 ms - 605[39m [90m[39m
[38;5;42m[8e2f3466][0m[38;5;86m[HTTP][0m [37m-->[39m [37mGET[39m [37m/wd/hub/session/8e2f3466-723c-44df-9803-71b2c391d80e/screenshot[39m [90m{}[39m
[38;5;42m[8e2f3466][0m[38;5;86m[HTTP][0m [37m<-- GET /wd/hub/session/8e2f3466-723c-44df-9803-71b2c391d80e/screenshot [39m[32m200[39m [90m514 ms - 126644[39m [90m[39m
[38;5;42m[8e2f3466][0m[38;5;86m[HTTP][0m [37m-->[39m [37mGET[39m [37m/wd/hub/session/8e2f3466-723c-44df-9803-71b2c391d80e/window/rect[39m [90m{}[39m
[38;5;42m[8e2f3466][0m[38;5;86m[HTTP][0m [37m<-- GET /wd/hub/session/8e2f3466-723c-44df-9803-71b2c391d80e/window/rect [39m[32m200[39m [90m10 ms - 50[39m [90m[39m
[38;5;42m[8e2f3466][0m[38;5;86m[HTTP][0m [37m-->[39m [37mPOST[39m [37m/wd/hub/session/8e2f3466-723c-44df-9803-71b2c391d80e/elements[39m [90m{"using":"xpath","value":"//*[@class = 'hierarchy']"}[39m
[38;5;42m[8e2f3466][0m[38;5;86m[HTTP][0m [37m<-- POST /wd/hub/session/8e2f3466-723c-44df-9803-71b2c391d80e/elements [39m[32m200[39m [90m60099 ms - 12[39m [90m[39m
[38;5;42m[8e2f3466][0m[38;5;86m[HTTP][0m [37m-->[39m [37mGET[39m [37m/wd/hub/session/8e2f3466-723c-44df-9803-71b2c391d80e/source[39m [90m{}[39m
[38;5;42m[8e2f3466][0m[38;5;-3m[AndroidUiautomator2Driver@1892][0m Driver proxy active, passing request on via HTTP proxy
[38;5;42m[8e2f3466][0m[38;5;-3m[AndroidUiautomator2Driver@1892][0m Replacing sessionId 134c1633-cef1-46a5-8f1f-07288c417a0a with 8e2f3466-723c-44df-9803-71b2c391d80e
[38;5;42m[8e2f3466][0m[38;5;86m[HTTP][0m [37m<-- GET /wd/hub/session/8e2f3466-723c-44df-9803-71b2c391d80e/source [39m[32m200[39m [90m141 ms - 39080[39m [90m[39m
[38;5;42m[8e2f3466][0m[38;5;86m[HTTP][0m [37m-->[39m [37mGET[39m [37m/wd/hub/session/8e2f3466-723c-44df-9803-71b2c391d80e/screenshot[39m [90m{}[39m
[38;5;42m[8e2f3466][0m[38;5;86m[HTTP][0m [37m<-- GET /wd/hub/session/8e2f3466-723c-44df-9803-71b2c391d80e/screenshot [39m[32m200[39m [90m470 ms - 189272[39m [90m[39m
[38;5;42m[8e2f3466][0m[38;5;86m[HTTP][0m [37m-->[39m [37mGET[39m [37m/wd/hub/session/8e2f3466-723c-44df-9803-71b2c391d80e/context[39m [90m{}[39m
[38;5;42m[8e2f3466][0m[38;5;86m[HTTP][0m [37m<-- GET /wd/hub/session/8e2f3466-723c-44df-9803-71b2c391d80e/context [39m[32m200[39m [90m2 ms - 22[39m [90m[39m
[38;5;42m[8e2f3466][0m[38;5;86m[HTTP][0m [37m-->[39m [37mGET[39m [37m/wd/hub/session/8e2f3466-723c-44df-9803-71b2c391d80e/contexts[39m [90m{}[39m
[38;5;42m[8e2f3466][0m[38;5;86m[HTTP][0m [37m<-- GET /wd/hub/session/8e2f3466-723c-44df-9803-71b2c391d80e/contexts [39m[32m200[39m [90m287 ms - 24[39m [90m[39m
[38;5;42m[8e2f3466][0m[38;5;86m[HTTP][0m [37m-->[39m [37mPOST[39m [37m/wd/hub/session/8e2f3466-723c-44df-9803-71b2c391d80e/context[39m [90m{"name":"NATIVE_APP"}[39m
[38;5;42m[8e2f3466][0m[38;5;86m[HTTP][0m [37m<-- POST /wd/hub/session/8e2f3466-723c-44df-9803-71b2c391d80e/context [39m[32m200[39m [90m1 ms - 14[39m [90m[39m
[38;5;42m[8e2f3466][0m[38;5;86m[HTTP][0m [37m-->[39m [37mPOST[39m [37m/wd/hub/session/8e2f3466-723c-44df-9803-71b2c391d80e/element[39m [90m{"using":"-android uiautomator","value":"new UiScrollable(new UiSelector().scrollable(true).instance(0)).scrollIntoView(new UiSelector().textContains(\"kucing\"))"}[39m
[38;5;42m[8e2f3466][0m[38;5;-3m[AndroidUiautomator2Driver@1892][0m Got response with status 404: {"sessionId":"134c1633-cef1-46a5-8f1f-07288c417a0a","value":{"error":"no such element","message":"An element could not be located on the page using the given search parameters","stacktrace":"io.appium.uiautomator2.common.exceptions.ElementNotFoundException: An element could not be located on the page using the given search parameters\n\tat io.appium.uiautomator2.handler.FindElement.safeHandle(FindElement.java:63)\n\tat io.appium.uiautomator2.handler.request.SafeRequestHandler.handle(SafeRequestHandler.java:59)\n\tat io.appium.uiautomator2.server.AppiumServlet.handleRequest(AppiumServlet.java:259)\n\tat io.appium.uiautomator2.server.AppiumServlet.handleHttpRequest(AppiumServlet.java:253)\n\tat io.appium.uiautomator2.http.ServerHandler.channelRead(ServerHandler.java:77)\n\tat io.netty.channel.AbstractChannelHandlerContext.invokeChannelRead(AbstractChannelHandlerContext.java:366)\n\tat io.netty.channel.AbstractChannelHandlerContext.invokeChannelRead(AbstractChannelHandlerContext.java:352)\n\tat io.netty.chann...
[38;5;42m[8e2f3466][0m[38;5;-3m[AndroidUiautomator2Driver@1892][0m Got response with status 404: {"sessionId":"134c1633-cef1-46a5-8f1f-07288c417a0a","value":{"error":"no such element","message":"An element could not be located on the page using the given search parameters","stacktrace":"io.appium.uiautomator2.common.exceptions.ElementNotFoundException: An element could not be located on the page using the given search parameters\n\tat io.appium.uiautomator2.handler.FindElement.safeHandle(FindElement.java:63)\n\tat io.appium.uiautomator2.handler.request.SafeRequestHandler.handle(SafeRequestHandler.java:59)\n\tat io.appium.uiautomator2.server.AppiumServlet.handleRequest(AppiumServlet.java:259)\n\tat io.appium.uiautomator2.server.AppiumServlet.handleHttpRequest(AppiumServlet.java:253)\n\tat io.appium.uiautomator2.http.ServerHandler.channelRead(ServerHandler.java:77)\n\tat io.netty.channel.AbstractChannelHandlerContext.invokeChannelRead(AbstractChannelHandlerContext.java:366)\n\tat io.netty.channel.AbstractChannelHandlerContext.invokeChannelRead(AbstractChannelHandlerContext.java:352)\n\tat io.netty.chann...
[38;5;42m[8e2f3466][0m[38;5;-3m[AndroidUiautomator2Driver@1892][0m Got response with status 404: {"sessionId":"134c1633-cef1-46a5-8f1f-07288c417a0a","value":{"error":"no such element","message":"An element could not be located on the page using the given search parameters","stacktrace":"io.appium.uiautomator2.common.exceptions.ElementNotFoundException: An element could not be located on the page using the given search parameters\n\tat io.appium.uiautomator2.handler.FindElement.safeHandle(FindElement.java:63)\n\tat io.appium.uiautomator2.handler.request.SafeRequestHandler.handle(SafeRequestHandler.java:59)\n\tat io.appium.uiautomator2.server.AppiumServlet.handleRequest(AppiumServlet.java:259)\n\tat io.appium.uiautomator2.server.AppiumServlet.handleHttpRequest(AppiumServlet.java:253)\n\tat io.appium.uiautomator2.http.ServerHandler.channelRead(ServerHandler.java:77)\n\tat io.netty.channel.AbstractChannelHandlerContext.invokeChannelRead(AbstractChannelHandlerContext.java:366)\n\tat io.netty.channel.AbstractChannelHandlerContext.invokeChannelRead(AbstractChannelHandlerContext.java:352)\n\tat io.netty.chann...
[38;5;42m[8e2f3466][0m[38;5;-3m[AndroidUiautomator2Driver@1892][0m Got response with status 404: {"sessionId":"134c1633-cef1-46a5-8f1f-07288c417a0a","value":{"error":"no such element","message":"An element could not be located on the page using the given search parameters","stacktrace":"io.appium.uiautomator2.common.exceptions.ElementNotFoundException: An element could not be located on the page using the given search parameters\n\tat io.appium.uiautomator2.handler.FindElement.safeHandle(FindElement.java:63)\n\tat io.appium.uiautomator2.handler.request.SafeRequestHandler.handle(SafeRequestHandler.java:59)\n\tat io.appium.uiautomator2.server.AppiumServlet.handleRequest(AppiumServlet.java:259)\n\tat io.appium.uiautomator2.server.AppiumServlet.handleHttpRequest(AppiumServlet.java:253)\n\tat io.appium.uiautomator2.http.ServerHandler.channelRead(ServerHandler.java:77)\n\tat io.netty.channel.AbstractChannelHandlerContext.invokeChannelRead(AbstractChannelHandlerContext.java:366)\n\tat io.netty.channel.AbstractChannelHandlerContext.invokeChannelRead(AbstractChannelHandlerContext.java:352)\n\tat io.netty.chann...
[38;5;42m[8e2f3466][0m[38;5;-3m[AndroidUiautomator2Driver@1892][0m Got response with status 404: {"sessionId":"134c1633-cef1-46a5-8f1f-07288c417a0a","value":{"error":"no such element","message":"An element could not be located on the page using the given search parameters","stacktrace":"io.appium.uiautomator2.common.exceptions.ElementNotFoundException: An element could not be located on the page using the given search parameters\n\tat io.appium.uiautomator2.handler.FindElement.safeHandle(FindElement.java:63)\n\tat io.appium.uiautomator2.handler.request.SafeRequestHandler.handle(SafeRequestHandler.java:59)\n\tat io.appium.uiautomator2.server.AppiumServlet.handleRequest(AppiumServlet.java:259)\n\tat io.appium.uiautomator2.server.AppiumServlet.handleHttpRequest(AppiumServlet.java:253)\n\tat io.appium.uiautomator2.http.ServerHandler.channelRead(ServerHandler.java:77)\n\tat io.netty.channel.AbstractChannelHandlerContext.invokeChannelRead(AbstractChannelHandlerContext.java:366)\n\tat io.netty.channel.AbstractChannelHandlerContext.invokeChannelRead(AbstractChannelHandlerContext.java:352)\n\tat io.netty.chann...
[38;5;42m[8e2f3466][0m[38;5;-3m[AndroidUiautomator2Driver@1892][0m Got response with status 404: {"sessionId":"134c1633-cef1-46a5-8f1f-07288c417a0a","value":{"error":"no such element","message":"An element could not be located on the page using the given search parameters","stacktrace":"io.appium.uiautomator2.common.exceptions.ElementNotFoundException: An element could not be located on the page using the given search parameters\n\tat io.appium.uiautomator2.handler.FindElement.safeHandle(FindElement.java:63)\n\tat io.appium.uiautomator2.handler.request.SafeRequestHandler.handle(SafeRequestHandler.java:59)\n\tat io.appium.uiautomator2.server.AppiumServlet.handleRequest(AppiumServlet.java:259)\n\tat io.appium.uiautomator2.server.AppiumServlet.handleHttpRequest(AppiumServlet.java:253)\n\tat io.appium.uiautomator2.http.ServerHandler.channelRead(ServerHandler.java:77)\n\tat io.netty.channel.AbstractChannelHandlerContext.invokeChannelRead(AbstractChannelHandlerContext.java:366)\n\tat io.netty.channel.AbstractChannelHandlerContext.invokeChannelRead(AbstractChannelHandlerContext.java:352)\n\tat io.netty.chann...
[38;5;42m[8e2f3466][0m[38;5;-3m[AndroidUiautomator2Driver@1892][0m Got response with status 404: {"sessionId":"134c1633-cef1-46a5-8f1f-07288c417a0a","value":{"error":"no such element","message":"An element could not be located on the page using the given search parameters","stacktrace":"io.appium.uiautomator2.common.exceptions.ElementNotFoundException: An element could not be located on the page using the given search parameters\n\tat io.appium.uiautomator2.handler.FindElement.safeHandle(FindElement.java:63)\n\tat io.appium.uiautomator2.handler.request.SafeRequestHandler.handle(SafeRequestHandler.java:59)\n\tat io.appium.uiautomator2.server.AppiumServlet.handleRequest(AppiumServlet.java:259)\n\tat io.appium.uiautomator2.server.AppiumServlet.handleHttpRequest(AppiumServlet.java:253)\n\tat io.appium.uiautomator2.http.ServerHandler.channelRead(ServerHandler.java:77)\n\tat io.netty.channel.AbstractChannelHandlerContext.invokeChannelRead(AbstractChannelHandlerContext.java:366)\n\tat io.netty.channel.AbstractChannelHandlerContext.invokeChannelRead(AbstractChannelHandlerContext.java:352)\n\tat io.netty.chann...
[38;5;42m[8e2f3466][0m[38;5;-3m[AndroidUiautomator2Driver@1892][0m Got response with status 404: {"sessionId":"134c1633-cef1-46a5-8f1f-07288c417a0a","value":{"error":"no such element","message":"An element could not be located on the page using the given search parameters","stacktrace":"io.appium.uiautomator2.common.exceptions.ElementNotFoundException: An element could not be located on the page using the given search parameters\n\tat io.appium.uiautomator2.handler.FindElement.safeHandle(FindElement.java:63)\n\tat io.appium.uiautomator2.handler.request.SafeRequestHandler.handle(SafeRequestHandler.java:59)\n\tat io.appium.uiautomator2.server.AppiumServlet.handleRequest(AppiumServlet.java:259)\n\tat io.appium.uiautomator2.server.AppiumServlet.handleHttpRequest(AppiumServlet.java:253)\n\tat io.appium.uiautomator2.http.ServerHandler.channelRead(ServerHandler.java:77)\n\tat io.netty.channel.AbstractChannelHandlerContext.invokeChannelRead(AbstractChannelHandlerContext.java:366)\n\tat io.netty.channel.AbstractChannelHandlerContext.invokeChannelRead(AbstractChannelHandlerContext.java:352)\n\tat io.netty.chann...
[38;5;42m[8e2f3466][0m[38;5;-3m[AndroidUiautomator2Driver@1892][0m Got response with status 404: {"sessionId":"134c1633-cef1-46a5-8f1f-07288c417a0a","value":{"error":"no such element","message":"An element could not be located on the page using the given search parameters","stacktrace":"io.appium.uiautomator2.common.exceptions.ElementNotFoundException: An element could not be located on the page using the given search parameters\n\tat io.appium.uiautomator2.handler.FindElement.safeHandle(FindElement.java:63)\n\tat io.appium.uiautomator2.handler.request.SafeRequestHandler.handle(SafeRequestHandler.java:59)\n\tat io.appium.uiautomator2.server.AppiumServlet.handleRequest(AppiumServlet.java:259)\n\tat io.appium.uiautomator2.server.AppiumServlet.handleHttpRequest(AppiumServlet.java:253)\n\tat io.appium.uiautomator2.http.ServerHandler.channelRead(ServerHandler.java:77)\n\tat io.netty.channel.AbstractChannelHandlerContext.invokeChannelRead(AbstractChannelHandlerContext.java:366)\n\tat io.netty.channel.AbstractChannelHandlerContext.invokeChannelRead(AbstractChannelHandlerContext.java:352)\n\tat io.netty.chann...
[38;5;42m[8e2f3466][0m[38;5;-3m[AndroidUiautomator2Driver@1892][0m Got response with status 404: {"sessionId":"134c1633-cef1-46a5-8f1f-07288c417a0a","value":{"error":"no such element","message":"An element could not be located on the page using the given search parameters","stacktrace":"io.appium.uiautomator2.common.exceptions.ElementNotFoundException: An element could not be located on the page using the given search parameters\n\tat io.appium.uiautomator2.handler.FindElement.safeHandle(FindElement.java:63)\n\tat io.appium.uiautomator2.handler.request.SafeRequestHandler.handle(SafeRequestHandler.java:59)\n\tat io.appium.uiautomator2.server.AppiumServlet.handleRequest(AppiumServlet.java:259)\n\tat io.appium.uiautomator2.server.AppiumServlet.handleHttpRequest(AppiumServlet.java:253)\n\tat io.appium.uiautomator2.http.ServerHandler.channelRead(ServerHandler.java:77)\n\tat io.netty.channel.AbstractChannelHandlerContext.invokeChannelRead(AbstractChannelHandlerContext.java:366)\n\tat io.netty.channel.AbstractChannelHandlerContext.invokeChannelRead(AbstractChannelHandlerContext.java:352)\n\tat io.netty.chann...
[38;5;42m[8e2f3466][0m[38;5;-3m[AndroidUiautomator2Driver@1892][0m Got response with status 404: {"sessionId":"134c1633-cef1-46a5-8f1f-07288c417a0a","value":{"error":"no such element","message":"An element could not be located on the page using the given search parameters","stacktrace":"io.appium.uiautomator2.common.exceptions.ElementNotFoundException: An element could not be located on the page using the given search parameters\n\tat io.appium.uiautomator2.handler.FindElement.safeHandle(FindElement.java:63)\n\tat io.appium.uiautomator2.handler.request.SafeRequestHandler.handle(SafeRequestHandler.java:59)\n\tat io.appium.uiautomator2.server.AppiumServlet.handleRequest(AppiumServlet.java:259)\n\tat io.appium.uiautomator2.server.AppiumServlet.handleHttpRequest(AppiumServlet.java:253)\n\tat io.appium.uiautomator2.http.ServerHandler.channelRead(ServerHandler.java:77)\n\tat io.netty.channel.AbstractChannelHandlerContext.invokeChannelRead(AbstractChannelHandlerContext.java:366)\n\tat io.netty.channel.AbstractChannelHandlerContext.invokeChannelRead(AbstractChannelHandlerContext.java:352)\n\tat io.netty.chann...
[38;5;42m[8e2f3466][0m[38;5;-3m[AndroidUiautomator2Driver@1892][0m Got response with status 404: {"sessionId":"134c1633-cef1-46a5-8f1f-07288c417a0a","value":{"error":"no such element","message":"An element could not be located on the page using the given search parameters","stacktrace":"io.appium.uiautomator2.common.exceptions.ElementNotFoundException: An element could not be located on the page using the given search parameters\n\tat io.appium.uiautomator2.handler.FindElement.safeHandle(FindElement.java:63)\n\tat io.appium.uiautomator2.handler.request.SafeRequestHandler.handle(SafeRequestHandler.java:59)\n\tat io.appium.uiautomator2.server.AppiumServlet.handleRequest(AppiumServlet.java:259)\n\tat io.appium.uiautomator2.server.AppiumServlet.handleHttpRequest(AppiumServlet.java:253)\n\tat io.appium.uiautomator2.http.ServerHandler.channelRead(ServerHandler.java:77)\n\tat io.netty.channel.AbstractChannelHandlerContext.invokeChannelRead(AbstractChannelHandlerContext.java:366)\n\tat io.netty.channel.AbstractChannelHandlerContext.invokeChannelRead(AbstractChannelHandlerContext.java:352)\n\tat io.netty.chann...
[38;5;42m[8e2f3466][0m[38;5;-3m[AndroidUiautomator2Driver@1892][0m Got response with status 404: {"sessionId":"134c1633-cef1-46a5-8f1f-07288c417a0a","value":{"error":"no such element","message":"An element could not be located on the page using the given search parameters","stacktrace":"io.appium.uiautomator2.common.exceptions.ElementNotFoundException: An element could not be located on the page using the given search parameters\n\tat io.appium.uiautomator2.handler.FindElement.safeHandle(FindElement.java:63)\n\tat io.appium.uiautomator2.handler.request.SafeRequestHandler.handle(SafeRequestHandler.java:59)\n\tat io.appium.uiautomator2.server.AppiumServlet.handleRequest(AppiumServlet.java:259)\n\tat io.appium.uiautomator2.server.AppiumServlet.handleHttpRequest(AppiumServlet.java:253)\n\tat io.appium.uiautomator2.http.ServerHandler.channelRead(ServerHandler.java:77)\n\tat io.netty.channel.AbstractChannelHandlerContext.invokeChannelRead(AbstractChannelHandlerContext.java:366)\n\tat io.netty.channel.AbstractChannelHandlerContext.invokeChannelRead(AbstractChannelHandlerContext.java:352)\n\tat io.netty.chann...
[38;5;42m[8e2f3466][0m[38;5;-3m[AndroidUiautomator2Driver@1892][0m Got response with status 404: {"sessionId":"134c1633-cef1-46a5-8f1f-07288c417a0a","value":{"error":"no such element","message":"An element could not be located on the page using the given search parameters","stacktrace":"io.appium.uiautomator2.common.exceptions.ElementNotFoundException: An element could not be located on the page using the given search parameters\n\tat io.appium.uiautomator2.handler.FindElement.safeHandle(FindElement.java:63)\n\tat io.appium.uiautomator2.handler.request.SafeRequestHandler.handle(SafeRequestHandler.java:59)\n\tat io.appium.uiautomator2.server.AppiumServlet.handleRequest(AppiumServlet.java:259)\n\tat io.appium.uiautomator2.server.AppiumServlet.handleHttpRequest(AppiumServlet.java:253)\n\tat io.appium.uiautomator2.http.ServerHandler.channelRead(ServerHandler.java:77)\n\tat io.netty.channel.AbstractChannelHandlerContext.invokeChannelRead(AbstractChannelHandlerContext.java:366)\n\tat io.netty.channel.AbstractChannelHandlerContext.invokeChannelRead(AbstractChannelHandlerContext.java:352)\n\tat io.netty.chann...
[38;5;42m[8e2f3466][0m[38;5;-3m[AndroidUiautomator2Driver@1892][0m Got response with status 404: {"sessionId":"134c1633-cef1-46a5-8f1f-07288c417a0a","value":{"error":"no such element","message":"An element could not be located on the page using the given search parameters","stacktrace":"io.appium.uiautomator2.common.exceptions.ElementNotFoundException: An element could not be located on the page using the given search parameters\n\tat io.appium.uiautomator2.handler.FindElement.safeHandle(FindElement.java:63)\n\tat io.appium.uiautomator2.handler.request.SafeRequestHandler.handle(SafeRequestHandler.java:59)\n\tat io.appium.uiautomator2.server.AppiumServlet.handleRequest(AppiumServlet.java:259)\n\tat io.appium.uiautomator2.server.AppiumServlet.handleHttpRequest(AppiumServlet.java:253)\n\tat io.appium.uiautomator2.http.ServerHandler.channelRead(ServerHandler.java:77)\n\tat io.netty.channel.AbstractChannelHandlerContext.invokeChannelRead(AbstractChannelHandlerContext.java:366)\n\tat io.netty.channel.AbstractChannelHandlerContext.invokeChannelRead(AbstractChannelHandlerContext.java:352)\n\tat io.netty.chann...
[38;5;42m[8e2f3466][0m[38;5;-3m[AndroidUiautomator2Driver@1892][0m Got response with status 404: {"sessionId":"134c1633-cef1-46a5-8f1f-07288c417a0a","value":{"error":"no such element","message":"An element could not be located on the page using the given search parameters","stacktrace":"io.appium.uiautomator2.common.exceptions.ElementNotFoundException: An element could not be located on the page using the given search parameters\n\tat io.appium.uiautomator2.handler.FindElement.safeHandle(FindElement.java:63)\n\tat io.appium.uiautomator2.handler.request.SafeRequestHandler.handle(SafeRequestHandler.java:59)\n\tat io.appium.uiautomator2.server.AppiumServlet.handleRequest(AppiumServlet.java:259)\n\tat io.appium.uiautomator2.server.AppiumServlet.handleHttpRequest(AppiumServlet.java:253)\n\tat io.appium.uiautomator2.http.ServerHandler.channelRead(ServerHandler.java:77)\n\tat io.netty.channel.AbstractChannelHandlerContext.invokeChannelRead(AbstractChannelHandlerContext.java:366)\n\tat io.netty.channel.AbstractChannelHandlerContext.invokeChannelRead(AbstractChannelHandlerContext.java:352)\n\tat io.netty.chann...
[38;5;42m[8e2f3466][0m[38;5;-3m[AndroidUiautomator2Driver@1892][0m Got response with status 404: {"sessionId":"134c1633-cef1-46a5-8f1f-07288c417a0a","value":{"error":"no such element","message":"An element could not be located on the page using the given search parameters","stacktrace":"io.appium.uiautomator2.common.exceptions.ElementNotFoundException: An element could not be located on the page using the given search parameters\n\tat io.appium.uiautomator2.handler.FindElement.safeHandle(FindElement.java:63)\n\tat io.appium.uiautomator2.handler.request.SafeRequestHandler.handle(SafeRequestHandler.java:59)\n\tat io.appium.uiautomator2.server.AppiumServlet.handleRequest(AppiumServlet.java:259)\n\tat io.appium.uiautomator2.server.AppiumServlet.handleHttpRequest(AppiumServlet.java:253)\n\tat io.appium.uiautomator2.http.ServerHandler.channelRead(ServerHandler.java:77)\n\tat io.netty.channel.AbstractChannelHandlerContext.invokeChannelRead(AbstractChannelHandlerContext.java:366)\n\tat io.netty.channel.AbstractChannelHandlerContext.invokeChannelRead(AbstractChannelHandlerContext.java:352)\n\tat io.netty.chann...
[38;5;42m[8e2f3466][0m[38;5;-3m[AndroidUiautomator2Driver@1892][0m Got response with status 404: {"sessionId":"134c1633-cef1-46a5-8f1f-07288c417a0a","value":{"error":"no such element","message":"An element could not be located on the page using the given search parameters","stacktrace":"io.appium.uiautomator2.common.exceptions.ElementNotFoundException: An element could not be located on the page using the given search parameters\n\tat io.appium.uiautomator2.handler.FindElement.safeHandle(FindElement.java:63)\n\tat io.appium.uiautomator2.handler.request.SafeRequestHandler.handle(SafeRequestHandler.java:59)\n\tat io.appium.uiautomator2.server.AppiumServlet.handleRequest(AppiumServlet.java:259)\n\tat io.appium.uiautomator2.server.AppiumServlet.handleHttpRequest(AppiumServlet.java:253)\n\tat io.appium.uiautomator2.http.ServerHandler.channelRead(ServerHandler.java:77)\n\tat io.netty.channel.AbstractChannelHandlerContext.invokeChannelRead(AbstractChannelHandlerContext.java:366)\n\tat io.netty.channel.AbstractChannelHandlerContext.invokeChannelRead(AbstractChannelHandlerContext.java:352)\n\tat io.netty.chann...
[38;5;42m[8e2f3466][0m[38;5;-3m[AndroidUiautomator2Driver@1892][0m Got response with status 404: {"sessionId":"134c1633-cef1-46a5-8f1f-07288c417a0a","value":{"error":"no such element","message":"An element could not be located on the page using the given search parameters","stacktrace":"io.appium.uiautomator2.common.exceptions.ElementNotFoundException: An element could not be located on the page using the given search parameters\n\tat io.appium.uiautomator2.handler.FindElement.safeHandle(FindElement.java:63)\n\tat io.appium.uiautomator2.handler.request.SafeRequestHandler.handle(SafeRequestHandler.java:59)\n\tat io.appium.uiautomator2.server.AppiumServlet.handleRequest(AppiumServlet.java:259)\n\tat io.appium.uiautomator2.server.AppiumServlet.handleHttpRequest(AppiumServlet.java:253)\n\tat io.appium.uiautomator2.http.ServerHandler.channelRead(ServerHandler.java:77)\n\tat io.netty.channel.AbstractChannelHandlerContext.invokeChannelRead(AbstractChannelHandlerContext.java:366)\n\tat io.netty.channel.AbstractChannelHandlerContext.invokeChannelRead(AbstractChannelHandlerContext.java:352)\n\tat io.netty.chann...
[38;5;42m[8e2f3466][0m[38;5;-3m[AndroidUiautomator2Driver@1892][0m Got response with status 404: {"sessionId":"134c1633-cef1-46a5-8f1f-07288c417a0a","value":{"error":"no such element","message":"An element could not be located on the page using the given search parameters","stacktrace":"io.appium.uiautomator2.common.exceptions.ElementNotFoundException: An element could not be located on the page using the given search parameters\n\tat io.appium.uiautomator2.handler.FindElement.safeHandle(FindElement.java:63)\n\tat io.appium.uiautomator2.handler.request.SafeRequestHandler.handle(SafeRequestHandler.java:59)\n\tat io.appium.uiautomator2.server.AppiumServlet.handleRequest(AppiumServlet.java:259)\n\tat io.appium.uiautomator2.server.AppiumServlet.handleHttpRequest(AppiumServlet.java:253)\n\tat io.appium.uiautomator2.http.ServerHandler.channelRead(ServerHandler.java:77)\n\tat io.netty.channel.AbstractChannelHandlerContext.invokeChannelRead(AbstractChannelHandlerContext.java:366)\n\tat io.netty.channel.AbstractChannelHandlerContext.invokeChannelRead(AbstractChannelHandlerContext.java:352)\n\tat io.netty.chann...
[38;5;42m[8e2f3466][0m[38;5;-3m[AndroidUiautomator2Driver@1892][0m Got response with status 404: {"sessionId":"134c1633-cef1-46a5-8f1f-07288c417a0a","value":{"error":"no such element","message":"An element could not be located on the page using the given search parameters","stacktrace":"io.appium.uiautomator2.common.exceptions.ElementNotFoundException: An element could not be located on the page using the given search parameters\n\tat io.appium.uiautomator2.handler.FindElement.safeHandle(FindElement.java:63)\n\tat io.appium.uiautomator2.handler.request.SafeRequestHandler.handle(SafeRequestHandler.java:59)\n\tat io.appium.uiautomator2.server.AppiumServlet.handleRequest(AppiumServlet.java:259)\n\tat io.appium.uiautomator2.server.AppiumServlet.handleHttpRequest(AppiumServlet.java:253)\n\tat io.appium.uiautomator2.http.ServerHandler.channelRead(ServerHandler.java:77)\n\tat io.netty.channel.AbstractChannelHandlerContext.invokeChannelRead(AbstractChannelHandlerContext.java:366)\n\tat io.netty.channel.AbstractChannelHandlerContext.invokeChannelRead(AbstractChannelHandlerContext.java:352)\n\tat io.netty.chann...
[38;5;42m[8e2f3466][0m[38;5;86m[HTTP][0m [37m<-- POST /wd/hub/session/8e2f3466-723c-44df-9803-71b2c391d80e/element [39m[33m404[39m [90m61755 ms - 882[39m [90m[39m
[38;5;42m[8e2f3466][0m[38;5;86m[HTTP][0m [37m-->[39m [37mPOST[39m [37m/wd/hub/session/8e2f3466-723c-44df-9803-71b2c391d80e/context[39m [90m{"name":"NATIVE_APP"}[39m
[38;5;42m[8e2f3466][0m[38;5;86m[HTTP][0m [37m<-- POST /wd/hub/session/8e2f3466-723c-44df-9803-71b2c391d80e/context [39m[32m200[39m [90m2 ms - 14[39m [90m[39m
[38;5;42m[8e2f3466][0m[38;5;86m[HTTP][0m [37m-->[39m [37mGET[39m [37m/wd/hub/session/8e2f3466-723c-44df-9803-71b2c391d80e/source[39m [90m{}[39m
[38;5;42m[8e2f3466][0m[38;5;-3m[AndroidUiautomator2Driver@1892][0m Driver proxy active, passing request on via HTTP proxy
[38;5;42m[8e2f3466][0m[38;5;-3m[AndroidUiautomator2Driver@1892][0m Replacing sessionId 134c1633-cef1-46a5-8f1f-07288c417a0a with 8e2f3466-723c-44df-9803-71b2c391d80e
[38;5;42m[8e2f3466][0m[38;5;86m[HTTP][0m [37m<-- GET /wd/hub/session/8e2f3466-723c-44df-9803-71b2c391d80e/source [39m[32m200[39m [90m141 ms - 39531[39m [90m[39m
[38;5;42m[8e2f3466][0m[38;5;86m[HTTP][0m [37m-->[39m [37mGET[39m [37m/wd/hub/session/8e2f3466-723c-44df-9803-71b2c391d80e/screenshot[39m [90m{}[39m
[38;5;42m[8e2f3466][0m[38;5;86m[HTTP][0m [37m<-- GET /wd/hub/session/8e2f3466-723c-44df-9803-71b2c391d80e/screenshot [39m[32m200[39m [90m376 ms - 192276[39m [90m[39m
[38;5;42m[8e2f3466][0m[38;5;86m[HTTP][0m [37m-->[39m [37mGET[39m [37m/wd/hub/session/8e2f3466-723c-44df-9803-71b2c391d80e/window/rect[39m [90m{}[39m
[38;5;42m[8e2f3466][0m[38;5;86m[HTTP][0m [37m<-- GET /wd/hub/session/8e2f3466-723c-44df-9803-71b2c391d80e/window/rect [39m[32m200[39m [90m8 ms - 50[39m [90m[39m
[38;5;42m[8e2f3466][0m[38;5;86m[HTTP][0m [37m-->[39m [37mPOST[39m [37m/wd/hub/session/8e2f3466-723c-44df-9803-71b2c391d80e/elements[39m [90m{"using":"xpath","value":"//*[@class = 'android.widget.EditText' and (@text = 'Title' or . = 'Title') and @resource-id = 'com.qexpense.android.todo:id/task_title']"}[39m
[38;5;42m[8e2f3466][0m[38;5;86m[HTTP][0m [37m<-- POST /wd/hub/session/8e2f3466-723c-44df-9803-71b2c391d80e/elements [39m[32m200[39m [90m576 ms - 139[39m [90m[39m
[38;5;42m[8e2f3466][0m[38;5;86m[HTTP][0m [37m-->[39m [37mGET[39m [37m/wd/hub/session/8e2f3466-723c-44df-9803-71b2c391d80e/element/00000000-0000-000e-ffff-ffff0000029f/rect[39m [90m{}[39m
[38;5;42m[8e2f3466][0m[38;5;-3m[AndroidUiautomator2Driver@1892][0m Driver proxy active, passing request on via HTTP proxy
[38;5;42m[8e2f3466][0m[38;5;-3m[AndroidUiautomator2Driver@1892][0m Replacing sessionId 134c1633-cef1-46a5-8f1f-07288c417a0a with 8e2f3466-723c-44df-9803-71b2c391d80e
[38;5;42m[8e2f3466][0m[38;5;86m[HTTP][0m [37m<-- GET /wd/hub/session/8e2f3466-723c-44df-9803-71b2c391d80e/element/00000000-0000-000e-ffff-ffff0000029f/rect [39m[32m200[39m [90m27 ms - 103[39m [90m[39m
[38;5;42m[8e2f3466][0m[38;5;86m[HTTP][0m [37m-->[39m [37mPOST[39m [37m/wd/hub/session/8e2f3466-723c-44df-9803-71b2c391d80e/element/00000000-0000-000e-ffff-ffff0000029f/click[39m [90m{"id":"00000000-0000-000e-ffff-ffff0000029f"}[39m
[38;5;42m[8e2f3466][0m[38;5;86m[HTTP][0m [37m<-- POST /wd/hub/session/8e2f3466-723c-44df-9803-71b2c391d80e/element/00000000-0000-000e-ffff-ffff0000029f/click [39m[32m200[39m [90m568 ms - 14[39m [90m[39m
[38;5;42m[8e2f3466][0m[38;5;86m[HTTP][0m [37m-->[39m [37mGET[39m [37m/wd/hub/session/8e2f3466-723c-44df-9803-71b2c391d80e/source[39m [90m{}[39m
[38;5;42m[8e2f3466][0m[38;5;-3m[AndroidUiautomator2Driver@1892][0m Driver proxy active, passing request on via HTTP proxy
[38;5;42m[8e2f3466][0m[38;5;-3m[AndroidUiautomator2Driver@1892][0m Replacing sessionId 134c1633-cef1-46a5-8f1f-07288c417a0a with 8e2f3466-723c-44df-9803-71b2c391d80e
[38;5;42m[8e2f3466][0m[38;5;86m[HTTP][0m [37m<-- GET /wd/hub/session/8e2f3466-723c-44df-9803-71b2c391d80e/source [39m[32m200[39m [90m952 ms - 606[39m [90m[39m
[38;5;42m[8e2f3466][0m[38;5;86m[HTTP][0m [37m-->[39m [37mGET[39m [37m/wd/hub/session/8e2f3466-723c-44df-9803-71b2c391d80e/screenshot[39m [90m{}[39m
[38;5;42m[8e2f3466][0m[38;5;86m[HTTP][0m [37m<-- GET /wd/hub/session/8e2f3466-723c-44df-9803-71b2c391d80e/screenshot [39m[32m200[39m [90m340 ms - 157160[39m [90m[39m
[38;5;42m[8e2f3466][0m[38;5;86m[HTTP][0m [37m-->[39m [37mGET[39m [37m/wd/hub/session/8e2f3466-723c-44df-9803-71b2c391d80e/window/rect[39m [90m{}[39m
[38;5;42m[8e2f3466][0m[38;5;86m[HTTP][0m [37m<-- GET /wd/hub/session/8e2f3466-723c-44df-9803-71b2c391d80e/window/rect [39m[32m200[39m [90m9 ms - 50[39m [90m[39m
[38;5;42m[8e2f3466][0m[38;5;86m[HTTP][0m [37m-->[39m [37mPOST[39m [37m/wd/hub/session/8e2f3466-723c-44df-9803-71b2c391d80e/elements[39m [90m{"using":"xpath","value":"//*[@class = 'android.widget.FrameLayout' and (@text = '' or . = '')]"}[39m
[38;5;42m[8e2f3466][0m[38;5;86m[HTTP][0m [37m<-- POST /wd/hub/session/8e2f3466-723c-44df-9803-71b2c391d80e/elements [39m[32m200[39m [90m89 ms - 1035[39m [90m[39m
[38;5;42m[8e2f3466][0m[38;5;86m[HTTP][0m [37m-->[39m [37mGET[39m [37m/wd/hub/session/8e2f3466-723c-44df-9803-71b2c391d80e/element/00000000-0000-000c-ffff-ffff7ffffffe/rect[39m [90m{}[39m
[38;5;42m[8e2f3466][0m[38;5;-3m[AndroidUiautomator2Driver@1892][0m Driver proxy active, passing request on via HTTP proxy
[38;5;42m[8e2f3466][0m[38;5;-3m[AndroidUiautomator2Driver@1892][0m Replacing sessionId 134c1633-cef1-46a5-8f1f-07288c417a0a with 8e2f3466-723c-44df-9803-71b2c391d80e
[38;5;42m[8e2f3466][0m[38;5;86m[HTTP][0m [37m<-- GET /wd/hub/session/8e2f3466-723c-44df-9803-71b2c391d80e/element/00000000-0000-000c-ffff-ffff7ffffffe/rect [39m[32m200[39m [90m18 ms - 101[39m [90m[39m
[38;5;42m[8e2f3466][0m[38;5;86m[HTTP][0m [37m-->[39m [37mGET[39m [37m/wd/hub/session/8e2f3466-723c-44df-9803-71b2c391d80e/element/00000000-0000-000c-ffff-ffff7ffffffe/text[39m [90m{}[39m
[38;5;42m[8e2f3466][0m[38;5;-3m[AndroidUiautomator2Driver@1892][0m Driver proxy active, passing request on via HTTP proxy
[38;5;42m[8e2f3466][0m[38;5;-3m[AndroidUiautomator2Driver@1892][0m Replacing sessionId 134c1633-cef1-46a5-8f1f-07288c417a0a with 8e2f3466-723c-44df-9803-71b2c391d80e
[38;5;42m[8e2f3466][0m[38;5;86m[HTTP][0m [37m<-- GET /wd/hub/session/8e2f3466-723c-44df-9803-71b2c391d80e/element/00000000-0000-000c-ffff-ffff7ffffffe/text [39m[32m200[39m [90m22 ms - 63[39m [90m[39m
[38;5;42m[8e2f3466][0m[38;5;86m[HTTP][0m [37m-->[39m [37mGET[39m [37m/wd/hub/session/8e2f3466-723c-44df-9803-71b2c391d80e/source[39m [90m{}[39m
[38;5;42m[8e2f3466][0m[38;5;-3m[AndroidUiautomator2Driver@1892][0m Driver proxy active, passing request on via HTTP proxy
[38;5;42m[8e2f3466][0m[38;5;-3m[AndroidUiautomator2Driver@1892][0m Replacing sessionId 134c1633-cef1-46a5-8f1f-07288c417a0a with 8e2f3466-723c-44df-9803-71b2c391d80e
[38;5;42m[8e2f3466][0m[38;5;86m[HTTP][0m [37m<-- GET /wd/hub/session/8e2f3466-723c-44df-9803-71b2c391d80e/source [39m[32m200[39m [90m75 ms - 34048[39m [90m[39m
[38;5;42m[8e2f3466][0m[38;5;86m[HTTP][0m [37m-->[39m [37mGET[39m [37m/wd/hub/session/8e2f3466-723c-44df-9803-71b2c391d80e/screenshot[39m [90m{}[39m
[38;5;42m[8e2f3466][0m[38;5;86m[HTTP][0m [37m<-- GET /wd/hub/session/8e2f3466-723c-44df-9803-71b2c391d80e/screenshot [39m[32m200[39m [90m643 ms - 182488[39m [90m[39m
[38;5;42m[8e2f3466][0m[38;5;86m[HTTP][0m [37m-->[39m [37mDELETE[39m [37m/wd/hub/session/8e2f3466-723c-44df-9803-71b2c391d80e[39m [90m{}[39m
[38;5;42m[8e2f3466][0m[38;5;23m[AppiumDriver@3d42][0m Removing session 8e2f3466-723c-44df-9803-71b2c391d80e from our master session list
[38;5;42m[8e2f3466][0m[38;5;-3m[AndroidUiautomator2Driver@1892][0m Restoring hidden api policy to the device default configuration
[38;5;42m[8e2f3466][0m[38;5;86m[HTTP][0m [37m<-- DELETE /wd/hub/session/8e2f3466-723c-44df-9803-71b2c391d80e [39m[32m200[39m [90m582 ms - 14[39m [90m[39m
